android/app/build/outputs/logs/manifest-merger-debug-report.txt
-- Merging decision tree log ---
manifest
ADDED from src/main/AndroidManifest.xml:1:1-34:12
INJECTED from src/main/AndroidManifest.xml:1:1-34:12
INJECTED from src/main/AndroidManifest.xml:1:1-34:12
INJECTED from src/main/AndroidManifest.xml:1:1-34:12
MERGED from src/main/AndroidManifest.xml:1:1-34:12
MERGED from [:react-native-video] AndroidManifest.xml:2:1-11:12
MERGED from [:react-native-wheel-picker] AndroidManifest.xml:2:1-11:12
MERGED from [:react-native-fs] AndroidManifest.xml:2:1-13:12
MERGED from [:react-native-camera] AndroidManifest.xml:2:1-18:12
MERGED from [:@react-native-community_async-storage] AndroidManifest.xml:2:1-9:12
MERGED from [:react-native-image-picker] AndroidManifest.xml:2:1-23:12
MERGED from [com.facebook.react:react-native:0.59.9] AndroidManifest.xml:2:1-13:12
MERGED from [com.android.support:appcompat-v7:28.0.0] AndroidManifest.xml:17:1-22:12
MERGED from [com.google.android.exoplayer:exoplayer:2.9.3] AndroidManifest.xml:17:1-24:12
MERGED from [com.google.android.gms:play-services-vision:17.0.2] AndroidManifest.xml:2:1-9:12
MERGED from [com.google.android.gms:play-services-vision-common:17.0.2] AndroidManifest.xml:2:1-9:12
MERGED from [com.google.android.gms:play-services-clearcut:16.0.0] AndroidManifest.xml:17:1-24:12
MERGED from [com.google.android.gms:play-services-flags:16.0.1] AndroidManifest.xml:17:1-22:12
MERGED from [com.google.android.gms:play-services-phenotype:16.0.0] AndroidManifest.xml:17:1-24:12
MERGED from [com.google.android.gms:play-services-base:16.0.1] AndroidManifest.xml:17:1-29:12
MERGED from [com.google.android.gms:play-services-tasks:16.0.1] AndroidManifest.xml:2:1-9:12
MERGED from [com.google.android.gms:play-services-basement:16.1.0] AndroidManifest.xml:17:1-28:12
MERGED from [com.android.support:support-v4:28.0.0] AndroidManifest.xml:17:1-22:12
MERGED from [com.android.support:support-media-compat:28.0.0] AndroidManifest.xml:17:1-22:12
MERGED from [com.android.support:support-fragment:28.0.0] AndroidManifest.xml:17:1-22:12
MERGED from [com.android.support:animated-vector-drawable:28.0.0] AndroidManifest.xml:17:1-22:12
MERGED from [com.android.support:support-core-ui:28.0.0] AndroidManifest.xml:17:1-22:12
MERGED from [com.android.support:support-core-utils:28.0.0] AndroidManifest.xml:17:1-22:12
MERGED from [com.android.support:support-vector-drawable:28.0.0] AndroidManifest.xml:17:1-22:12
MERGED from [com.android.support:loader:28.0.0] AndroidManifest.xml:17:1-22:12
MERGED from [com.android.support:viewpager:28.0.0] AndroidManifest.xml:17:1-22:12
MERGED from [com.android.support:coordinatorlayout:28.0.0] AndroidManifest.xml:17:1-22:12
MERGED from [com.android.support:drawerlayout:28.0.0] AndroidManifest.xml:17:1-22:12
MERGED from [com.android.support:slidingpanelayout:28.0.0] AndroidManifest.xml:17:1-22:12
MERGED from [com.android.support:customview:28.0.0] AndroidManifest.xml:17:1-22:12
MERGED from [com.android.support:swiperefreshlayout:28.0.0] AndroidManifest.xml:17:1-22:12
MERGED from [com.android.support:asynclayoutinflater:28.0.0] AndroidManifest.xml:17:1-22:12
MERGED from [com.android.support:support-compat:28.0.0] AndroidManifest.xml:17:1-24:12
MERGED from [com.google.android.exoplayer:extension-okhttp:2.9.3] AndroidManifest.xml:17:1-24:12
MERGED from [com.android.support:exifinterface:28.0.0] AndroidManifest.xml:17:1-22:12
MERGED from [com.android.support:versionedparcelable:28.0.0] AndroidManifest.xml:17:1-25:12
MERGED from [com.android.support:cursoradapter:28.0.0] AndroidManifest.xml:17:1-22:12
MERGED from [com.google.android.exoplayer:exoplayer-dash:2.9.3] AndroidManifest.xml:17:1-24:12
MERGED from [com.google.android.exoplayer:exoplayer-hls:2.9.3] AndroidManifest.xml:17:1-24:12
MERGED from [com.google.android.exoplayer:exoplayer-smoothstreaming:2.9.3] AndroidManifest.xml:17:1-24:12
MERGED from [com.google.android.exoplayer:exoplayer-ui:2.9.3] AndroidManifest.xml:17:1-24:12
MERGED from [com.google.android.exoplayer:exoplayer-core:2.9.3] AndroidManifest.xml:17:1-26:12
MERGED from [android.arch.lifecycle:runtime:1.1.1] AndroidManifest.xml:17:1-22:12
MERGED from [com.android.support:documentfile:28.0.0] AndroidManifest.xml:17:1-22:12
MERGED from [com.android.support:localbroadcastmanager:28.0.0] AndroidManifest.xml:17:1-22:12
MERGED from [com.android.support:print:28.0.0] AndroidManifest.xml:17:1-22:12
MERGED from [android.arch.lifecycle:viewmodel:1.1.1] AndroidManifest.xml:17:1-22:12
MERGED from [android.arch.lifecycle:livedata:1.1.1] AndroidManifest.xml:17:1-22:12
MERGED from [android.arch.lifecycle:livedata-core:1.1.1] AndroidManifest.xml:17:1-22:12
MERGED from [android.arch.core:runtime:1.1.1] AndroidManifest.xml:17:1-22:12
MERGED from [com.android.support:interpolator:28.0.0] AndroidManifest.xml:17:1-22:12
MERGED from [com.facebook.fresco:imagepipeline-okhttp3:1.10.0] AndroidManifest.xml:2:1-9:12
MERGED from [cn.aigestudio.wheelpicker:WheelPicker:1.0.3] AndroidManifest.xml:2:1-12:12
MERGED from [com.facebook.fresco:fresco:1.10.0] AndroidManifest.xml:2:1-9:12
MERGED from [com.facebook.fresco:drawee:1.10.0] AndroidManifest.xml:2:1-9:12
MERGED from [com.facebook.fresco:imagepipeline:1.10.0] AndroidManifest.xml:2:1-9:12
MERGED from [com.facebook.fresco:imagepipeline-base:1.10.0] AndroidManifest.xml:2:1-9:12
MERGED from [com.facebook.soloader:soloader:0.6.0] AndroidManifest.xml:2:1-13:12
MERGED from [com.facebook.fresco:fbcore:1.10.0] AndroidManifest.xml:2:1-9:12
INJECTED from src/debug/AndroidManifest.xml:2:1-8:12
INJECTED from src/debug/AndroidManifest.xml:2:1-8:12
INJECTED from src/debug/AndroidManifest.xml:2:1-8:12
	package
		ADDED from src/main/AndroidManifest.xml:2:3-32
		INJECTED from src/main/AndroidManifest.xml
		ADDED from src/main/AndroidManifest.xml:2:3-32
		INJECTED from src/debug/AndroidManifest.xml
	android:versionName
		INJECTED from src/main/AndroidManifest.xml
		ADDED from src/main/AndroidManifest.xml:1:1-34:12
		INJECTED from src/debug/AndroidManifest.xml
	xmlns:tools
		ADDED from src/debug/AndroidManifest.xml:3:5-51
	android:versionCode
		INJECTED from src/main/AndroidManifest.xml
		ADDED from src/main/AndroidManifest.xml:1:1-34:12
		INJECTED from src/debug/AndroidManifest.xml
	xmlns:android
		ADDED from src/main/AndroidManifest.xml:1:11-69
uses-permission#android.permission.INTERNET
ADDED from src/main/AndroidManifest.xml:4:5-67
	android:name
		ADDED from src/main/AndroidManifest.xml:4:22-64
uses-permission#android.permission.SYSTEM_ALERT_WINDOW
ADDED from src/main/AndroidManifest.xml:5:5-78
MERGED from src/main/AndroidManifest.xml:5:5-78
MERGED from src/main/AndroidManifest.xml:5:5-78
	android:name
		ADDED from src/main/AndroidManifest.xml:5:22-75
uses-permission#android.permission.VIBRATE
ADDED from src/main/AndroidManifest.xml:6:5-66
	android:name
		ADDED from src/main/AndroidManifest.xml:6:22-63
uses-permission#android.permission.RECORD_AUDIO
ADDED from src/main/AndroidManifest.xml:7:5-70
	android:name
		ADDED from src/main/AndroidManifest.xml:7:22-68
uses-permission#android.permission.RECORD_VIDEO
ADDED from src/main/AndroidManifest.xml:8:5-70
	android:name
		ADDED from src/main/AndroidManifest.xml:8:22-68
uses-permission#android.permission.WRITE_EXTERNAL_STORAGE
ADDED from src/main/AndroidManifest.xml:9:5-81
MERGED from [:react-native-fs] AndroidManifest.xml:11:5-81
MERGED from [:react-native-fs] AndroidManifest.xml:11:5-81
	android:name
		ADDED from src/main/AndroidManifest.xml:9:22-78
uses-permission#android.permission.READ_EXTERNAL_STORAGE
ADDED from src/main/AndroidManifest.xml:10:5-80
	android:name
		ADDED from src/main/AndroidManifest.xml:10:22-77
uses-feature#android.hardware.camera
ADDED from src/main/AndroidManifest.xml:11:5-83
MERGED from [:react-native-camera] AndroidManifest.xml:11:5-13:36
MERGED from [:react-native-camera] AndroidManifest.xml:11:5-13:36
	android:required
		ADDED from src/main/AndroidManifest.xml:11:58-81
	android:name
		ADDED from src/main/AndroidManifest.xml:11:19-57
uses-permission#android.permission.CAMERA
ADDED from src/main/AndroidManifest.xml:12:5-64
MERGED from [:react-native-camera] AndroidManifest.xml:9:5-65
MERGED from [:react-native-camera] AndroidManifest.xml:9:5-65
	android:name
		ADDED from src/main/AndroidManifest.xml:12:22-62
application
ADDED from src/main/AndroidManifest.xml:13:5-32:19
MERGED from src/main/AndroidManifest.xml:13:5-32:19
MERGED from src/main/AndroidManifest.xml:13:5-32:19
MERGED from [:react-native-image-picker] AndroidManifest.xml:11:5-21:19
MERGED from [:react-native-image-picker] AndroidManifest.xml:11:5-21:19
MERGED from [com.facebook.react:react-native:0.59.9] AndroidManifest.xml:11:5-20
MERGED from [com.facebook.react:react-native:0.59.9] AndroidManifest.xml:11:5-20
MERGED from [com.google.android.gms:play-services-vision:17.0.2] AndroidManifest.xml:7:5-20
MERGED from [com.google.android.gms:play-services-vision:17.0.2] AndroidManifest.xml:7:5-20
MERGED from [com.google.android.gms:play-services-vision-common:17.0.2] AndroidManifest.xml:7:5-20
MERGED from [com.google.android.gms:play-services-vision-common:17.0.2] AndroidManifest.xml:7:5-20
MERGED from [com.google.android.gms:play-services-clearcut:16.0.0] AndroidManifest.xml:22:5-20
MERGED from [com.google.android.gms:play-services-clearcut:16.0.0] AndroidManifest.xml:22:5-20
MERGED from [com.google.android.gms:play-services-phenotype:16.0.0] AndroidManifest.xml:22:5-20
MERGED from [com.google.android.gms:play-services-phenotype:16.0.0] AndroidManifest.xml:22:5-20
MERGED from [com.google.android.gms:play-services-base:16.0.1] AndroidManifest.xml:22:5-27:19
MERGED from [com.google.android.gms:play-services-base:16.0.1] AndroidManifest.xml:22:5-27:19
MERGED from [com.google.android.gms:play-services-tasks:16.0.1] AndroidManifest.xml:7:5-20
MERGED from [com.google.android.gms:play-services-tasks:16.0.1] AndroidManifest.xml:7:5-20
MERGED from [com.google.android.gms:play-services-basement:16.1.0] AndroidManifest.xml:22:5-26:19
MERGED from [com.google.android.gms:play-services-basement:16.1.0] AndroidManifest.xml:22:5-26:19
MERGED from [com.android.support:support-compat:28.0.0] AndroidManifest.xml:22:5-94
MERGED from [com.android.support:support-compat:28.0.0] AndroidManifest.xml:22:5-94
MERGED from [com.android.support:versionedparcelable:28.0.0] AndroidManifest.xml:22:5-23:19
MERGED from [com.android.support:versionedparcelable:28.0.0] AndroidManifest.xml:22:5-23:19
MERGED from [com.facebook.soloader:soloader:0.6.0] AndroidManifest.xml:11:5-20
MERGED from [com.facebook.soloader:soloader:0.6.0] AndroidManifest.xml:11:5-20
	android:appComponentFactory
		ADDED from [com.android.support:support-compat:28.0.0] AndroidManifest.xml:22:18-91
	android:label
		ADDED from src/main/AndroidManifest.xml:15:7-39
		ADDED from src/main/AndroidManifest.xml:15:7-39
	tools:ignore
		ADDED from src/debug/AndroidManifest.xml:7:75-114
	android:roundIcon
		ADDED from src/main/AndroidManifest.xml:17:7-46
		ADDED from src/main/AndroidManifest.xml:17:7-46
	tools:targetApi
		ADDED from src/debug/AndroidManifest.xml:7:54-74
	android:largeHeap
		ADDED from src/main/AndroidManifest.xml:19:7-31
		ADDED from src/main/AndroidManifest.xml:19:7-31
	android:icon
		ADDED from src/main/AndroidManifest.xml:16:7-41
		ADDED from src/main/AndroidManifest.xml:16:7-41
	android:allowBackup
		ADDED from src/main/AndroidManifest.xml:18:7-34
		ADDED from src/main/AndroidManifest.xml:18:7-34
	android:theme
		ADDED from src/main/AndroidManifest.xml:20:7-41
		ADDED from src/main/AndroidManifest.xml:20:7-41
	android:usesCleartextTraffic
		ADDED from src/debug/AndroidManifest.xml:7:18-53
	android:name
		ADDED from src/main/AndroidManifest.xml:14:7-38
		ADDED from src/main/AndroidManifest.xml:14:7-38
activity#com.pys.dazzleddate.MainActivity
ADDED from src/main/AndroidManifest.xml:21:7-30:18
	android:label
		ADDED from src/main/AndroidManifest.xml:23:9-41
	android:windowSoftInputMode
		ADDED from src/main/AndroidManifest.xml:25:9-51
	android:configChanges
		ADDED from src/main/AndroidManifest.xml:24:9-79
	android:name
		ADDED from src/main/AndroidManifest.xml:22:9-37
intent-filter#action:name:android.intent.action.MAIN+category:name:android.intent.category.LAUNCHER
ADDED from src/main/AndroidManifest.xml:26:9-29:25
action#android.intent.action.MAIN
ADDED from src/main/AndroidManifest.xml:27:13-65
	android:name
		ADDED from src/main/AndroidManifest.xml:27:21-62
category#android.intent.category.LAUNCHER
ADDED from src/main/AndroidManifest.xml:28:13-73
	android:name
		ADDED from src/main/AndroidManifest.xml:28:23-70
activity#com.facebook.react.devsupport.DevSettingsActivity
ADDED from src/main/AndroidManifest.xml:31:7-84
	android:name
		ADDED from src/main/AndroidManifest.xml:31:17-81
uses-sdk
INJECTED from src/main/AndroidManifest.xml reason: use-sdk injection requested
INJECTED from src/main/AndroidManifest.xml
INJECTED from src/main/AndroidManifest.xml
MERGED from [:react-native-video] AndroidManifest.xml:7:5-9:41
MERGED from [:react-native-video] AndroidManifest.xml:7:5-9:41
MERGED from [:react-native-wheel-picker] AndroidManifest.xml:7:5-9:41
MERGED from [:react-native-wheel-picker] AndroidManifest.xml:7:5-9:41
MERGED from [:react-native-fs] AndroidManifest.xml:7:5-9:41
MERGED from [:react-native-fs] AndroidManifest.xml:7:5-9:41
MERGED from [:react-native-camera] AndroidManifest.xml:5:5-7:41
MERGED from [:react-native-camera] AndroidManifest.xml:5:5-7:41
MERGED from [:@react-native-community_async-storage] AndroidManifest.xml:5:5-7:41
MERGED from [:@react-native-community_async-storage] AndroidManifest.xml:5:5-7:41
MERGED from [:react-native-image-picker] AndroidManifest.xml:7:5-9:41
MERGED from [:react-native-image-picker] AndroidManifest.xml:7:5-9:41
MERGED from [com.facebook.react:react-native:0.59.9] AndroidManifest.xml:7:5-9:41
MERGED from [com.facebook.react:react-native:0.59.9] AndroidManifest.xml:7:5-9:41
MERGED from [com.android.support:appcompat-v7:28.0.0] AndroidManifest.xml:20:5-44
MERGED from [com.android.support:appcompat-v7:28.0.0] AndroidManifest.xml:20:5-44
MERGED from [com.google.android.exoplayer:exoplayer:2.9.3] AndroidManifest.xml:20:5-22:41
MERGED from [com.google.android.exoplayer:exoplayer:2.9.3] AndroidManifest.xml:20:5-22:41
MERGED from [com.google.android.gms:play-services-vision:17.0.2] AndroidManifest.xml:5:5-44
MERGED from [com.google.android.gms:play-services-vision:17.0.2] AndroidManifest.xml:5:5-44
MERGED from [com.google.android.gms:play-services-vision-common:17.0.2] AndroidManifest.xml:5:5-44
MERGED from [com.google.android.gms:play-services-vision-common:17.0.2] AndroidManifest.xml:5:5-44
MERGED from [com.google.android.gms:play-services-clearcut:16.0.0] AndroidManifest.xml:20:5-44
MERGED from [com.google.android.gms:play-services-clearcut:16.0.0] AndroidManifest.xml:20:5-44
MERGED from [com.google.android.gms:play-services-flags:16.0.1] AndroidManifest.xml:20:5-44
MERGED from [com.google.android.gms:play-services-flags:16.0.1] AndroidManifest.xml:20:5-44
MERGED from [com.google.android.gms:play-services-phenotype:16.0.0] AndroidManifest.xml:20:5-44
MERGED from [com.google.android.gms:play-services-phenotype:16.0.0] AndroidManifest.xml:20:5-44
MERGED from [com.google.android.gms:play-services-base:16.0.1] AndroidManifest.xml:20:5-44
MERGED from [com.google.android.gms:play-services-base:16.0.1] AndroidManifest.xml:20:5-44
MERGED from [com.google.android.gms:play-services-tasks:16.0.1] AndroidManifest.xml:5:5-44
MERGED from [com.google.android.gms:play-services-tasks:16.0.1] AndroidManifest.xml:5:5-44
MERGED from [com.google.android.gms:play-services-basement:16.1.0] AndroidManifest.xml:20:5-44
MERGED from [com.google.android.gms:play-services-basement:16.1.0] AndroidManifest.xml:20:5-44
MERGED from [com.android.support:support-v4:28.0.0] AndroidManifest.xml:20:5-44
MERGED from [com.android.support:support-v4:28.0.0] AndroidManifest.xml:20:5-44
MERGED from [com.android.support:support-media-compat:28.0.0] AndroidManifest.xml:20:5-44
MERGED from [com.android.support:support-media-compat:28.0.0] AndroidManifest.xml:20:5-44
MERGED from [com.android.support:support-fragment:28.0.0] AndroidManifest.xml:20:5-44
MERGED from [com.android.support:support-fragment:28.0.0] AndroidManifest.xml:20:5-44
MERGED from [com.android.support:animated-vector-drawable:28.0.0] AndroidManifest.xml:20:5-44
MERGED from [com.android.support:animated-vector-drawable:28.0.0] AndroidManifest.xml:20:5-44
MERGED from [com.android.support:support-core-ui:28.0.0] AndroidManifest.xml:20:5-44
MERGED from [com.android.support:support-core-ui:28.0.0] AndroidManifest.xml:20:5-44
MERGED from [com.android.support:support-core-utils:28.0.0] AndroidManifest.xml:20:5-44
MERGED from [com.android.support:support-core-utils:28.0.0] AndroidManifest.xml:20:5-44
MERGED from [com.android.support:support-vector-drawable:28.0.0] AndroidManifest.xml:20:5-44
MERGED from [com.android.support:support-vector-drawable:28.0.0] AndroidManifest.xml:20:5-44
MERGED from [com.android.support:loader:28.0.0] AndroidManifest.xml:20:5-44
MERGED from [com.android.support:loader:28.0.0] AndroidManifest.xml:20:5-44
MERGED from [com.android.support:viewpager:28.0.0] AndroidManifest.xml:20:5-44
MERGED from [com.android.support:viewpager:28.0.0] AndroidManifest.xml:20:5-44
MERGED from [com.android.support:coordinatorlayout:28.0.0] AndroidManifest.xml:20:5-44
MERGED from [com.android.support:coordinatorlayout:28.0.0] AndroidManifest.xml:20:5-44
MERGED from [com.android.support:drawerlayout:28.0.0] AndroidManifest.xml:20:5-44
MERGED from [com.android.support:drawerlayout:28.0.0] AndroidManifest.xml:20:5-44
MERGED from [com.android.support:slidingpanelayout:28.0.0] AndroidManifest.xml:20:5-44
MERGED from [com.android.support:slidingpanelayout:28.0.0] AndroidManifest.xml:20:5-44
MERGED from [com.android.support:customview:28.0.0] AndroidManifest.xml:20:5-44
MERGED from [com.android.support:customview:28.0.0] AndroidManifest.xml:20:5-44
MERGED from [com.android.support:swiperefreshlayout:28.0.0] AndroidManifest.xml:20:5-44
MERGED from [com.android.support:swiperefreshlayout:28.0.0] AndroidManifest.xml:20:5-44
MERGED from [com.android.support:asynclayoutinflater:28.0.0] AndroidManifest.xml:20:5-44
MERGED from [com.android.support:asynclayoutinflater:28.0.0] AndroidManifest.xml:20:5-44
MERGED from [com.android.support:support-compat:28.0.0] AndroidManifest.xml:20:5-44
MERGED from [com.android.support:support-compat:28.0.0] AndroidManifest.xml:20:5-44
MERGED from [com.google.android.exoplayer:extension-okhttp:2.9.3] AndroidManifest.xml:20:5-22:41
MERGED from [com.google.android.exoplayer:extension-okhttp:2.9.3] AndroidManifest.xml:20:5-22:41
MERGED from [com.android.support:exifinterface:28.0.0] AndroidManifest.xml:20:5-44
MERGED from [com.android.support:exifinterface:28.0.0] AndroidManifest.xml:20:5-44
MERGED from [com.android.support:versionedparcelable:28.0.0] AndroidManifest.xml:20:5-44
MERGED from [com.android.support:versionedparcelable:28.0.0] AndroidManifest.xml:20:5-44
MERGED from [com.android.support:cursoradapter:28.0.0] AndroidManifest.xml:20:5-44
MERGED from [com.android.support:cursoradapter:28.0.0] AndroidManifest.xml:20:5-44
MERGED from [com.google.android.exoplayer:exoplayer-dash:2.9.3] AndroidManifest.xml:20:5-22:41
MERGED from [com.google.android.exoplayer:exoplayer-dash:2.9.3] AndroidManifest.xml:20:5-22:41
MERGED from [com.google.android.exoplayer:exoplayer-hls:2.9.3] AndroidManifest.xml:20:5-22:41
MERGED from [com.google.android.exoplayer:exoplayer-hls:2.9.3] AndroidManifest.xml:20:5-22:41
MERGED from [com.google.android.exoplayer:exoplayer-smoothstreaming:2.9.3] AndroidManifest.xml:20:5-22:41
MERGED from [com.google.android.exoplayer:exoplayer-smoothstreaming:2.9.3] AndroidManifest.xml:20:5-22:41
MERGED from [com.google.android.exoplayer:exoplayer-ui:2.9.3] AndroidManifest.xml:20:5-22:41
MERGED from [com.google.android.exoplayer:exoplayer-ui:2.9.3] AndroidManifest.xml:20:5-22:41
MERGED from [com.google.android.exoplayer:exoplayer-core:2.9.3] AndroidManifest.xml:20:5-22:41
MERGED from [com.google.android.exoplayer:exoplayer-core:2.9.3] AndroidManifest.xml:20:5-22:41
MERGED from [android.arch.lifecycle:runtime:1.1.1] AndroidManifest.xml:20:5-44
MERGED from [android.arch.lifecycle:runtime:1.1.1] AndroidManifest.xml:20:5-44
MERGED from [com.android.support:documentfile:28.0.0] AndroidManifest.xml:20:5-44
MERGED from [com.android.support:documentfile:28.0.0] AndroidManifest.xml:20:5-44
MERGED from [com.android.support:localbroadcastmanager:28.0.0] AndroidManifest.xml:20:5-44
MERGED from [com.android.support:localbroadcastmanager:28.0.0] AndroidManifest.xml:20:5-44
MERGED from [com.android.support:print:28.0.0] AndroidManifest.xml:20:5-44
MERGED from [com.android.support:print:28.0.0] AndroidManifest.xml:20:5-44
MERGED from [android.arch.lifecycle:viewmodel:1.1.1] AndroidManifest.xml:20:5-44
MERGED from [android.arch.lifecycle:viewmodel:1.1.1] AndroidManifest.xml:20:5-44
MERGED from [android.arch.lifecycle:livedata:1.1.1] AndroidManifest.xml:20:5-44
MERGED from [android.arch.lifecycle:livedata:1.1.1] AndroidManifest.xml:20:5-44
MERGED from [android.arch.lifecycle:livedata-core:1.1.1] AndroidManifest.xml:20:5-44
MERGED from [android.arch.lifecycle:livedata-core:1.1.1] AndroidManifest.xml:20:5-44
MERGED from [android.arch.core:runtime:1.1.1] AndroidManifest.xml:20:5-44
MERGED from [android.arch.core:runtime:1.1.1] AndroidManifest.xml:20:5-44
MERGED from [com.android.support:interpolator:28.0.0] AndroidManifest.xml:20:5-44
MERGED from [com.android.support:interpolator:28.0.0] AndroidManifest.xml:20:5-44
MERGED from [com.facebook.fresco:imagepipeline-okhttp3:1.10.0] AndroidManifest.xml:5:5-7:41
MERGED from [com.facebook.fresco:imagepipeline-okhttp3:1.10.0] AndroidManifest.xml:5:5-7:41
MERGED from [cn.aigestudio.wheelpicker:WheelPicker:1.0.3] AndroidManifest.xml:8:5-10:41
MERGED from [cn.aigestudio.wheelpicker:WheelPicker:1.0.3] AndroidManifest.xml:8:5-10:41
MERGED from [com.facebook.fresco:fresco:1.10.0] AndroidManifest.xml:5:5-7:41
MERGED from [com.facebook.fresco:fresco:1.10.0] AndroidManifest.xml:5:5-7:41
MERGED from [com.facebook.fresco:drawee:1.10.0] AndroidManifest.xml:5:5-7:41
MERGED from [com.facebook.fresco:drawee:1.10.0] AndroidManifest.xml:5:5-7:41
MERGED from [com.facebook.fresco:imagepipeline:1.10.0] AndroidManifest.xml:5:5-7:41
MERGED from [com.facebook.fresco:imagepipeline:1.10.0] AndroidManifest.xml:5:5-7:41
MERGED from [com.facebook.fresco:imagepipeline-base:1.10.0] AndroidManifest.xml:5:5-7:41
MERGED from [com.facebook.fresco:imagepipeline-base:1.10.0] AndroidManifest.xml:5:5-7:41
MERGED from [com.facebook.soloader:soloader:0.6.0] AndroidManifest.xml:7:5-9:41
MERGED from [com.facebook.soloader:soloader:0.6.0] AndroidManifest.xml:7:5-9:41
MERGED from [com.facebook.fresco:fbcore:1.10.0] AndroidManifest.xml:5:5-7:41
MERGED from [com.facebook.fresco:fbcore:1.10.0] AndroidManifest.xml:5:5-7:41
INJECTED from src/debug/AndroidManifest.xml
INJECTED from src/debug/AndroidManifest.xml
	android:targetSdkVersion
		INJECTED from src/main/AndroidManifest.xml
		INJECTED from src/debug/AndroidManifest.xml
	android:minSdkVersion
		INJECTED from src/main/AndroidManifest.xml
		INJECTED from src/debug/AndroidManifest.xml
uses-feature#android.hardware.camera.autofocus
ADDED from [:react-native-camera] AndroidManifest.xml:14:5-16:36
	android:required
		ADDED from [:react-native-camera] AndroidManifest.xml:16:9-33
	android:name
		ADDED from [:react-native-camera] AndroidManifest.xml:15:9-57
provider#com.imagepicker.FileProvider
ADDED from [:react-native-image-picker] AndroidManifest.xml:12:9-20:20
	android:grantUriPermissions
		ADDED from [:react-native-image-picker] AndroidManifest.xml:16:13-47
	android:authorities
		ADDED from [:react-native-image-picker] AndroidManifest.xml:14:13-60
	android:exported
		ADDED from [:react-native-image-picker] AndroidManifest.xml:15:13-37
	android:name
		ADDED from [:react-native-image-picker] AndroidManifest.xml:13:13-56
meta-data#android.support.FILE_PROVIDER_PATHS
ADDED from [:react-native-image-picker] AndroidManifest.xml:17:13-19:58
	android:resource
		ADDED from [:react-native-image-picker] AndroidManifest.xml:19:17-55
	android:name
		ADDED from [:react-native-image-picker] AndroidManifest.xml:18:17-67
activity#com.google.android.gms.common.api.GoogleApiActivity
ADDED from [com.google.android.gms:play-services-base:16.0.1] AndroidManifest.xml:23:9-26:75
	android:exported
		ADDED from [com.google.android.gms:play-services-base:16.0.1] AndroidManifest.xml:25:13-37
	android:theme
		ADDED from [com.google.android.gms:play-services-base:16.0.1] AndroidManifest.xml:26:13-72
	android:name
		ADDED from [com.google.android.gms:play-services-base:16.0.1] AndroidManifest.xml:24:13-79
meta-data#com.google.android.gms.version
ADDED from [com.google.android.gms:play-services-basement:16.1.0] AndroidManifest.xml:23:9-25:69
	android:value
		ADDED from [com.google.android.gms:play-services-basement:16.1.0] AndroidManifest.xml:25:13-66
	android:name
		ADDED from [com.google.android.gms:play-services-basement:16.1.0] AndroidManifest.xml:24:13-58
uses-permission#android.permission.ACCESS_NETWORK_STATE
ADDED from [com.google.android.exoplayer:exoplayer-core:2.9.3] AndroidManifest.xml:24:5-79
	android:name
		ADDED from [com.google.android.exoplayer:exoplayer-core:2.9.3] AndroidManifest.xml:24:22-76